inceput => -1
intreg => -1
id => 10
, => -1
id => 47
; => -1
lista => -1
intreg => -1
id => 8
; => -1
intreg => -1
id => 5
; => -1
citeste => -1
( => -1
id => 10
) => -1
; => -1
pentru => -1
( => -1
id => 5
= => -1
intConstant => 48
; => -1
id => 5
< => -1
id => 10
; => -1
id => 5
= => -1
id => 5
+ => -1
intConstant => 49
) => -1
{ => -1
citeste => -1
( => -1
id => 47
) => -1
; => -1
id => 8
= => -1
id => 8
+ => -1
id => 47
; => -1
} => -1
intreg => -1
id => 9
; => -1
id => 9
= => -1
id => 8
[ => -1
intConstant => 48
] => -1
; => -1
pentru => -1
( => -1
id => 5
= => -1
intConstant => 49
; => -1
id => 5
< => -1
id => 10
; => -1
id => 5
= => -1
id => 5
+ => -1
intConstant => 49
) => -1
daca => -1
( => -1
id => 9
< => -1
id => 8
[ => -1
id => 5
] => -1
) => -1
id => 9
= => -1
id => 8
[ => -1
id => 5
] => -1
; => -1
scrie => -1
( => -1
id => 9
) => -1
sfarsit => -1
